<?xml version="1.0" encoding="utf-8"?>
<shfbBuild product="Sandcastle Help File Builder" version="2014.11.22.0" projectFile="C:\projects\jeremyansel-media-an8\JeremyAnsel.Media.An8\Documentation\Documentation.shfbproj" started="5/6/2015 1:03:17 AM">
<buildStep step="Initializing">
Finding tools...
The Sandcastle tools are located in &#39;C:\projects\jeremyansel-media-an8\JeremyAnsel.Media.An8\packages\EWSoftware.SHFB.2014.11.22.0\Tools\&#39;
The SHFBROOT system environment variable was not found.  This variable is usually created during installation and may require a reboot.  It has been defined temporarily for this process as: SHFBROOT=C:\projects\jeremyansel-media-an8\JeremyAnsel.Media.An8\packages\EWSoftware.SHFB.2014.11.22.0\Tools\
Locating components in the following folder(s):
   C:\projects\jeremyansel-media-an8\JeremyAnsel.Media.An8\Documentation
Using presentation style &#39;VS2013&#39; located in &#39;C:\projects\jeremyansel-media-an8\JeremyAnsel.Media.An8\packages\EWSoftware.SHFB.2014.11.22.0\Tools\PresentationStyles\VS2013&#39;
Loading and initializing plug-ins...
Lightweight Website Style Version 2014.11.22.0
Copyright &#169; 2006-2014, Eric Woodruff, All Rights Reserved
Portions Copyright &#169; 2014, Sam Harwell, All Rights Reserved
</buildStep>
<buildStep step="ValidatingDocumentationSources">
Validating and copying documentation source information
Source: C:\projects\jeremyansel-media-an8\JeremyAnsel.Media.An8\JeremyAnsel.Media.An8\JeremyAnsel.Media.An8.csproj
    Found project &#39;C:\projects\jeremyansel-media-an8\JeremyAnsel.Media.An8\JeremyAnsel.Media.An8\JeremyAnsel.Media.An8.csproj&#39;

Parsing project files
    Found assembly &#39;C:\projects\jeremyansel-media-an8\JeremyAnsel.Media.An8\JeremyAnsel.Media.An8\bin\Release\JeremyAnsel.Media.An8.dll&#39;

References to include (excluding framework assemblies):
    None

Copying XML comments files
    C:\projects\jeremyansel-media-an8\JeremyAnsel.Media.An8\JeremyAnsel.Media.An8\bin\Release\JeremyAnsel.Media.An8.XML -&gt; C:\projects\jeremyansel-media-an8\JeremyAnsel.Media.An8\Documentation\build\Working\JeremyAnsel.Media.An8.XML
</buildStep>
<buildStep step="GenerateSharedContent">
Generating shared content files (en-US, English (United States))...
<plugIn name="Lightweight Website Style" behavior="After" priority="1000">
</plugIn>    Last step completed in 00:00:00.2410
</buildStep>
<buildStep step="GenerateApiFilter">
Generating API filter for MRefBuilder...
    Last step completed in 00:00:00.0156
</buildStep>
<buildStep step="GenerateReflectionInfo">
Generating reflection information...
[C:\Program Files (x86)\MSBuild\12.0\bin\MSBuild.exe]
Build started 5/6/2015 1:03:26 AM.
Project &quot;C:\projects\jeremyansel-media-an8\JeremyAnsel.Media.An8\Documentation\build\Working\GenerateRefInfo.proj&quot; on node 1 (default targets).
PrepareForBuild:
  Creating directory &quot;obj\Release\&quot;.
GenerateRefInfo:
  MRefBuilder (v2014.11.22.0)
  Copyright c 2006-2014, Microsoft Corporation, All Rights Reserved.
  Portions Copyright c 2006-2014, Eric Woodruff, All Rights Reserved.
  Loaded 1 assemblies for reflection and 1 dependency assemblies.
  Wrote information on 1 namespaces, 38 types, and 209 members
  Copying file from &quot;reflection.org&quot; to &quot;reflection.all&quot;.
  XslTransform (v2014.11.22.0)
  Copyright c 2006-2014, Microsoft Corporation, All Rights Reserved.
  Portions Copyright c 2006-2014, Eric Woodruff, All Rights Reserved.
  Applying XSL transformation &#39;C:\projects\jeremyansel-media-an8\JeremyAnsel.Media.An8\packages\EWSoftware.SHFB.2014.11.22.0\Tools\ProductionTransforms\MergeDuplicates.xsl&#39;.
Done Building Project &quot;C:\projects\jeremyansel-media-an8\JeremyAnsel.Media.An8\Documentation\build\Working\GenerateRefInfo.proj&quot; (default targets).

Build succeeded.

Time Elapsed 00:00:02.35
    Last step completed in 00:00:02.5598
</buildStep>
<buildStep step="TransformReflectionInfo">
Transforming reflection output...
[C:\Program Files (x86)\MSBuild\12.0\bin\MSBuild.exe]
Build started 5/6/2015 1:03:28 AM.
Project &quot;C:\projects\jeremyansel-media-an8\JeremyAnsel.Media.An8\Documentation\build\Working\TransformManifest.proj&quot; on node 1 (default targets).
TransformManifest:
  XslTransform (v2014.11.22.0)
  Copyright c 2006-2014, Microsoft Corporation, All Rights Reserved.
  Portions Copyright c 2006-2014, Eric Woodruff, All Rights Reserved.
  Applying XSL transformation &#39;C:\projects\jeremyansel-media-an8\JeremyAnsel.Media.An8\packages\EWSoftware.SHFB.2014.11.22.0\Tools\\ProductionTransforms\ApplyVSDocModel.xsl&#39;.
  Copying file from &quot;reflection.xml&quot; to &quot;reflection.nofilenames&quot;.
  XslTransform (v2014.11.22.0)
  Copyright c 2006-2014, Microsoft Corporation, All Rights Reserved.
  Portions Copyright c 2006-2014, Eric Woodruff, All Rights Reserved.
  Applying XSL transformation &#39;C:\projects\jeremyansel-media-an8\JeremyAnsel.Media.An8\packages\EWSoftware.SHFB.2014.11.22.0\Tools\ProductionTransforms\AddFilenames.xsl&#39;.
  XslTransform (v2014.11.22.0)
  Copyright c 2006-2014, Microsoft Corporation, All Rights Reserved.
  Portions Copyright c 2006-2014, Eric Woodruff, All Rights Reserved.
  Applying XSL transformation &#39;C:\projects\jeremyansel-media-an8\JeremyAnsel.Media.An8\packages\EWSoftware.SHFB.2014.11.22.0\Tools\ProductionTransforms\ReflectionToManifest.xsl&#39;.
Done Building Project &quot;C:\projects\jeremyansel-media-an8\JeremyAnsel.Media.An8\Documentation\build\Working\TransformManifest.proj&quot; (default targets).

Build succeeded.

Time Elapsed 00:00:02.69
    Last step completed in 00:00:02.9117
</buildStep>
<buildStep step="GenerateNamespaceSummaries">
Generating namespace summary information...
    Last step completed in 00:00:00.1094
</buildStep>
<buildStep step="CopyConceptualContent">
Copying conceptual content...
Copying standard token shared content file...
Checking for other token files...
Checking for code snippets files...
Copying images and creating the media map file...
Generating conceptual topic files
    Parsing topic file &#39;C:\projects\jeremyansel-media-an8\JeremyAnsel.Media.An8\Documentation\Content\Welcome.aml&#39;
    C:\projects\jeremyansel-media-an8\JeremyAnsel.Media.An8\Documentation\Content\Welcome.aml -&gt; C:\projects\jeremyansel-media-an8\JeremyAnsel.Media.An8\Documentation\build\Working\ddueXml\Welcome.xml
    Parsing topic file &#39;C:\projects\jeremyansel-media-an8\JeremyAnsel.Media.An8\Documentation\Content\VersionHistory\VersionHistory.aml&#39;
    C:\projects\jeremyansel-media-an8\JeremyAnsel.Media.An8\Documentation\Content\VersionHistory\VersionHistory.aml -&gt; C:\projects\jeremyansel-media-an8\JeremyAnsel.Media.An8\Documentation\build\Working\ddueXml\VersionHistory.xml
    Parsing topic file &#39;C:\projects\jeremyansel-media-an8\JeremyAnsel.Media.An8\Documentation\Content\VersionHistory\v1.0.aml&#39;
    C:\projects\jeremyansel-media-an8\JeremyAnsel.Media.An8\Documentation\Content\VersionHistory\v1.0.aml -&gt; C:\projects\jeremyansel-media-an8\JeremyAnsel.Media.An8\Documentation\build\Working\ddueXml\VersionHistory-v1_0.xml
    Last step completed in 00:00:00.2344
</buildStep>
<buildStep step="CreateConceptualTopicConfigs">
Creating conceptual topic configuration files...
    Companion files
    _ContentMetadata_.xml
    ConceptualManifest.xml
    Last step completed in 00:00:00.0312
</buildStep>
<buildStep step="CopyAdditionalContent">
Copying additional content files...
C:\projects\jeremyansel-media-an8\JeremyAnsel.Media.An8\Documentation\icons\Help.png -&gt; C:\projects\jeremyansel-media-an8\JeremyAnsel.Media.An8\Documentation\build\Working\Output\Website\icons\Help.png
    Last step completed in 00:00:00.0318
</buildStep>
<buildStep step="MergeTablesOfContents">
Merging conceptual and additional tables of contents...
    Last step completed in 00:00:00.0000
</buildStep>
<buildStep step="GenerateIntermediateTableOfContents">
Generating intermediate table of contents file...
[C:\Program Files (x86)\MSBuild\12.0\bin\MSBuild.exe]
Build started 5/6/2015 1:03:31 AM.
Project &quot;C:\projects\jeremyansel-media-an8\JeremyAnsel.Media.An8\Documentation\build\Working\GenerateIntermediateTOC.proj&quot; on node 1 (default targets).
GenerateIntermediateTOC:
  XslTransform (v2014.11.22.0)
  Copyright c 2006-2014, Microsoft Corporation, All Rights Reserved.
  Portions Copyright c 2006-2014, Eric Woodruff, All Rights Reserved.
  Applying XSL transformation &#39;C:\projects\jeremyansel-media-an8\JeremyAnsel.Media.An8\packages\EWSoftware.SHFB.2014.11.22.0\Tools\\ProductionTransforms\CreateVSToc.xsl&#39;.
Done Building Project &quot;C:\projects\jeremyansel-media-an8\JeremyAnsel.Media.An8\Documentation\build\Working\GenerateIntermediateTOC.proj&quot; (default targets).

Build succeeded.

Time Elapsed 00:00:00.31
Generating conceptual content intermediate TOC file...
    Last step completed in 00:00:00.4838
</buildStep>
<buildStep step="CreateBuildAssemblerConfigs">
Creating Sandcastle configuration files...
    sandcastle.config
    conceptual.config
    Last step completed in 00:00:01.5431
</buildStep>
<buildStep step="MergeCustomConfigs">
Merging custom build component configurations
C:\projects\jeremyansel-media-an8\JeremyAnsel.Media.An8\Documentation\build\Working\sandcastle.config
C:\projects\jeremyansel-media-an8\JeremyAnsel.Media.An8\Documentation\build\Working\conceptual.config
    Removing unused ExampleComponent.
    Last step completed in 00:00:00.1087
</buildStep>
<buildStep step="BuildConceptualTopics">
Building conceptual help topics...
[C:\Program Files (x86)\MSBuild\12.0\bin\MSBuild.exe]
Build started 5/6/2015 1:03:34 AM.
Project &quot;C:\projects\jeremyansel-media-an8\JeremyAnsel.Media.An8\Documentation\build\Working\BuildConceptualTopics.proj&quot; on node 1 (default targets).
BuildConceptualTopics:
  BuildAssembler (v2014.11.22.0)
  Copyright c 2006-2014, Microsoft Corporation, All Rights Reserved.
  Portions Copyright c 2006-2014, Eric Woodruff, All Rights Reserved.
  Loading configuration...
  ResolveReferenceLinksComponent: The MSDN content ID cache &#39;C:\Users\appveyor\AppData\Local\EWSoftware\Sandcastle Help File Builder\Cache\MsdnContentId.cache&#39; does not exist yet.  All IDs will be looked up in this build which will slow it down.
  Processing topics...
  Processed 3 topic(s)
  CopyFromIndexComponent: &quot;metadata&quot; in-memory cache entries used: 1 of 15.
Done Building Project &quot;C:\projects\jeremyansel-media-an8\JeremyAnsel.Media.An8\Documentation\build\Working\BuildConceptualTopics.proj&quot; (default targets).

Build succeeded.

Time Elapsed 00:00:17.90
    Last step completed in 00:00:18.1752
</buildStep>
<buildStep step="BuildReferenceTopics">
Building reference help topics...
[C:\Program Files (x86)\MSBuild\12.0\bin\MSBuild.exe]
Build started 5/6/2015 1:03:52 AM.
Project &quot;C:\projects\jeremyansel-media-an8\JeremyAnsel.Media.An8\Documentation\build\Working\BuildReferenceTopics.proj&quot; on node 1 (default targets).
BuildReferenceTopics:
  BuildAssembler (v2014.11.22.0)
  Copyright c 2006-2014, Microsoft Corporation, All Rights Reserved.
  Portions Copyright c 2006-2014, Eric Woodruff, All Rights Reserved.
  Loading configuration...
  ResolveReferenceLinksComponent: The MSDN content ID cache &#39;C:\Users\appveyor\AppData\Local\EWSoftware\Sandcastle Help File Builder\Cache\MsdnContentId.cache&#39; does not exist yet.  All IDs will be looked up in this build which will slow it down.
  Processing topics...
  Processed 313 topic(s)
  CopyFromIndexComponent: &quot;reflection&quot; in-memory cache entries used: 3 of 15.
  CopyFromIndexComponent: &quot;comments&quot; in-memory cache entries used: 2 of 30.
  ResolveReferenceLinksComponent: New MSDN content ID cache size: 16 entries
Done Building Project &quot;C:\projects\jeremyansel-media-an8\JeremyAnsel.Media.An8\Documentation\build\Working\BuildReferenceTopics.proj&quot; (default targets).

Build succeeded.

Time Elapsed 00:01:13.97
    Last step completed in 00:01:14.1919
</buildStep>
<buildStep step="CombiningIntermediateTocFiles">
Combining conceptual and API intermediate TOC files...

Clearing any prior web output
    Last step completed in 00:00:00.0144
</buildStep>
<buildStep step="ExtractingHtmlInfo">
Extracting HTML info for HTML Help 1 and/or website...
[C:\Program Files (x86)\MSBuild\12.0\bin\MSBuild.exe]
Sandcastle Help File Builder, version 2014.11.22.0
Copyright c 2006-2014, Eric Woodruff, All Rights Reserved
E-Mail: Eric@EWoodruff.us

Using LCID &#39;1033&#39;, code page &#39;65001&#39;, encoding charset &#39;UTF-8&#39;.

Processing website files in C:\projects\jeremyansel-media-an8\JeremyAnsel.Media.An8\Documentation\build\Working\Output\Website
Processed 316 HTML files
Sorting keywords and generating See Also indices
Saving website keyword index to C:\projects\jeremyansel-media-an8\JeremyAnsel.Media.An8\Documentation\build\Working\WebKI.xml
Saving website table of contents to C:\projects\jeremyansel-media-an8\JeremyAnsel.Media.An8\Documentation\build\Working\WebTOC.xml
    Last step completed in 00:00:01.5028
</buildStep>
<buildStep step="CopyStandardHelpContent">
Copying standard help content...
C:\projects\jeremyansel-media-an8\JeremyAnsel.Media.An8\packages\EWSoftware.SHFB.2014.11.22.0\Tools\PresentationStyles\VS2013\icons\AlertCaution.png -&gt; C:\projects\jeremyansel-media-an8\JeremyAnsel.Media.An8\Documentation\build\Working\Output\Website\icons\AlertCaution.png
C:\projects\jeremyansel-media-an8\JeremyAnsel.Media.An8\packages\EWSoftware.SHFB.2014.11.22.0\Tools\PresentationStyles\VS2013\icons\AlertNote.png -&gt; C:\projects\jeremyansel-media-an8\JeremyAnsel.Media.An8\Documentation\build\Working\Output\Website\icons\AlertNote.png
C:\projects\jeremyansel-media-an8\JeremyAnsel.Media.An8\packages\EWSoftware.SHFB.2014.11.22.0\Tools\PresentationStyles\VS2013\icons\AlertSecurity.png -&gt; C:\projects\jeremyansel-media-an8\JeremyAnsel.Media.An8\Documentation\build\Working\Output\Website\icons\AlertSecurity.png
C:\projects\jeremyansel-media-an8\JeremyAnsel.Media.An8\packages\EWSoftware.SHFB.2014.11.22.0\Tools\PresentationStyles\VS2013\icons\CFW.gif -&gt; C:\projects\jeremyansel-media-an8\JeremyAnsel.Media.An8\Documentation\build\Working\Output\Website\icons\CFW.gif
C:\projects\jeremyansel-media-an8\JeremyAnsel.Media.An8\packages\EWSoftware.SHFB.2014.11.22.0\Tools\PresentationStyles\VS2013\icons\CodeExample.png -&gt; C:\projects\jeremyansel-media-an8\JeremyAnsel.Media.An8\Documentation\build\Working\Output\Website\icons\CodeExample.png
C:\projects\jeremyansel-media-an8\JeremyAnsel.Media.An8\packages\EWSoftware.SHFB.2014.11.22.0\Tools\PresentationStyles\VS2013\icons\favicon.ico -&gt; C:\projects\jeremyansel-media-an8\JeremyAnsel.Media.An8\Documentation\build\Working\Output\Website\icons\favicon.ico
C:\projects\jeremyansel-media-an8\JeremyAnsel.Media.An8\packages\EWSoftware.SHFB.2014.11.22.0\Tools\PresentationStyles\VS2013\icons\privclass.gif -&gt; C:\projects\jeremyansel-media-an8\JeremyAnsel.Media.An8\Documentation\build\Working\Output\Website\icons\privclass.gif
C:\projects\jeremyansel-media-an8\JeremyAnsel.Media.An8\packages\EWSoftware.SHFB.2014.11.22.0\Tools\PresentationStyles\VS2013\icons\privdelegate.gif -&gt; C:\projects\jeremyansel-media-an8\JeremyAnsel.Media.An8\Documentation\build\Working\Output\Website\icons\privdelegate.gif
C:\projects\jeremyansel-media-an8\JeremyAnsel.Media.An8\packages\EWSoftware.SHFB.2014.11.22.0\Tools\PresentationStyles\VS2013\icons\privenumeration.gif -&gt; C:\projects\jeremyansel-media-an8\JeremyAnsel.Media.An8\Documentation\build\Working\Output\Website\icons\privenumeration.gif
C:\projects\jeremyansel-media-an8\JeremyAnsel.Media.An8\packages\EWSoftware.SHFB.2014.11.22.0\Tools\PresentationStyles\VS2013\icons\privevent.gif -&gt; C:\projects\jeremyansel-media-an8\JeremyAnsel.Media.An8\Documentation\build\Working\Output\Website\icons\privevent.gif
C:\projects\jeremyansel-media-an8\JeremyAnsel.Media.An8\packages\EWSoftware.SHFB.2014.11.22.0\Tools\PresentationStyles\VS2013\icons\privextension.gif -&gt; C:\projects\jeremyansel-media-an8\JeremyAnsel.Media.An8\Documentation\build\Working\Output\Website\icons\privextension.gif
C:\projects\jeremyansel-media-an8\JeremyAnsel.Media.An8\packages\EWSoftware.SHFB.2014.11.22.0\Tools\PresentationStyles\VS2013\icons\privfield.gif -&gt; C:\projects\jeremyansel-media-an8\JeremyAnsel.Media.An8\Documentation\build\Working\Output\Website\icons\privfield.gif
C:\projects\jeremyansel-media-an8\JeremyAnsel.Media.An8\packages\EWSoftware.SHFB.2014.11.22.0\Tools\PresentationStyles\VS2013\icons\privinterface.gif -&gt; C:\projects\jeremyansel-media-an8\JeremyAnsel.Media.An8\Documentation\build\Working\Output\Website\icons\privinterface.gif
C:\projects\jeremyansel-media-an8\JeremyAnsel.Media.An8\packages\EWSoftware.SHFB.2014.11.22.0\Tools\PresentationStyles\VS2013\icons\privmethod.gif -&gt; C:\projects\jeremyansel-media-an8\JeremyAnsel.Media.An8\Documentation\build\Working\Output\Website\icons\privmethod.gif
C:\projects\jeremyansel-media-an8\JeremyAnsel.Media.An8\packages\EWSoftware.SHFB.2014.11.22.0\Tools\PresentationStyles\VS2013\icons\privproperty.gif -&gt; C:\projects\jeremyansel-media-an8\JeremyAnsel.Media.An8\Documentation\build\Working\Output\Website\icons\privproperty.gif
C:\projects\jeremyansel-media-an8\JeremyAnsel.Media.An8\packages\EWSoftware.SHFB.2014.11.22.0\Tools\PresentationStyles\VS2013\icons\privstructure.gif -&gt; C:\projects\jeremyansel-media-an8\JeremyAnsel.Media.An8\Documentation\build\Working\Output\Website\icons\privstructure.gif
C:\projects\jeremyansel-media-an8\JeremyAnsel.Media.An8\packages\EWSoftware.SHFB.2014.11.22.0\Tools\PresentationStyles\VS2013\icons\protclass.gif -&gt; C:\projects\jeremyansel-media-an8\JeremyAnsel.Media.An8\Documentation\build\Working\Output\Website\icons\protclass.gif
C:\projects\jeremyansel-media-an8\JeremyAnsel.Media.An8\packages\EWSoftware.SHFB.2014.11.22.0\Tools\PresentationStyles\VS2013\icons\protdelegate.gif -&gt; C:\projects\jeremyansel-media-an8\JeremyAnsel.Media.An8\Documentation\build\Working\Output\Website\icons\protdelegate.gif
C:\projects\jeremyansel-media-an8\JeremyAnsel.Media.An8\packages\EWSoftware.SHFB.2014.11.22.0\Tools\PresentationStyles\VS2013\icons\protenumeration.gif -&gt; C:\projects\jeremyansel-media-an8\JeremyAnsel.Media.An8\Documentation\build\Working\Output\Website\icons\protenumeration.gif
C:\projects\jeremyansel-media-an8\JeremyAnsel.Media.An8\packages\EWSoftware.SHFB.2014.11.22.0\Tools\PresentationStyles\VS2013\icons\protevent.gif -&gt; C:\projects\jeremyansel-media-an8\JeremyAnsel.Media.An8\Documentation\build\Working\Output\Website\icons\protevent.gif
C:\projects\jeremyansel-media-an8\JeremyAnsel.Media.An8\packages\EWSoftware.SHFB.2014.11.22.0\Tools\PresentationStyles\VS2013\icons\protextension.gif -&gt; C:\projects\jeremyansel-media-an8\JeremyAnsel.Media.An8\Documentation\build\Working\Output\Website\icons\protextension.gif
C:\projects\jeremyansel-media-an8\JeremyAnsel.Media.An8\packages\EWSoftware.SHFB.2014.11.22.0\Tools\PresentationStyles\VS2013\icons\protfield.gif -&gt; C:\projects\jeremyansel-media-an8\JeremyAnsel.Media.An8\Documentation\build\Working\Output\Website\icons\protfield.gif
C:\projects\jeremyansel-media-an8\JeremyAnsel.Media.An8\packages\EWSoftware.SHFB.2014.11.22.0\Tools\PresentationStyles\VS2013\icons\protinterface.gif -&gt; C:\projects\jeremyansel-media-an8\JeremyAnsel.Media.An8\Documentation\build\Working\Output\Website\icons\protinterface.gif
C:\projects\jeremyansel-media-an8\JeremyAnsel.Media.An8\packages\EWSoftware.SHFB.2014.11.22.0\Tools\PresentationStyles\VS2013\icons\protmethod.gif -&gt; C:\projects\jeremyansel-media-an8\JeremyAnsel.Media.An8\Documentation\build\Working\Output\Website\icons\protmethod.gif
C:\projects\jeremyansel-media-an8\JeremyAnsel.Media.An8\packages\EWSoftware.SHFB.2014.11.22.0\Tools\PresentationStyles\VS2013\icons\protoperator.gif -&gt; C:\projects\jeremyansel-media-an8\JeremyAnsel.Media.An8\Documentation\build\Working\Output\Website\icons\protoperator.gif
C:\projects\jeremyansel-media-an8\JeremyAnsel.Media.An8\packages\EWSoftware.SHFB.2014.11.22.0\Tools\PresentationStyles\VS2013\icons\protproperty.gif -&gt; C:\projects\jeremyansel-media-an8\JeremyAnsel.Media.An8\Documentation\build\Working\Output\Website\icons\protproperty.gif
C:\projects\jeremyansel-media-an8\JeremyAnsel.Media.An8\packages\EWSoftware.SHFB.2014.11.22.0\Tools\PresentationStyles\VS2013\icons\protstructure.gif -&gt; C:\projects\jeremyansel-media-an8\JeremyAnsel.Media.An8\Documentation\build\Working\Output\Website\icons\protstructure.gif
C:\projects\jeremyansel-media-an8\JeremyAnsel.Media.An8\packages\EWSoftware.SHFB.2014.11.22.0\Tools\PresentationStyles\VS2013\icons\pubclass.gif -&gt; C:\projects\jeremyansel-media-an8\JeremyAnsel.Media.An8\Documentation\build\Working\Output\Website\icons\pubclass.gif
C:\projects\jeremyansel-media-an8\JeremyAnsel.Media.An8\packages\EWSoftware.SHFB.2014.11.22.0\Tools\PresentationStyles\VS2013\icons\pubdelegate.gif -&gt; C:\projects\jeremyansel-media-an8\JeremyAnsel.Media.An8\Documentation\build\Working\Output\Website\icons\pubdelegate.gif
C:\projects\jeremyansel-media-an8\JeremyAnsel.Media.An8\packages\EWSoftware.SHFB.2014.11.22.0\Tools\PresentationStyles\VS2013\icons\pubenumeration.gif -&gt; C:\projects\jeremyansel-media-an8\JeremyAnsel.Media.An8\Documentation\build\Working\Output\Website\icons\pubenumeration.gif
C:\projects\jeremyansel-media-an8\JeremyAnsel.Media.An8\packages\EWSoftware.SHFB.2014.11.22.0\Tools\PresentationStyles\VS2013\icons\pubevent.gif -&gt; C:\projects\jeremyansel-media-an8\JeremyAnsel.Media.An8\Documentation\build\Working\Output\Website\icons\pubevent.gif
C:\projects\jeremyansel-media-an8\JeremyAnsel.Media.An8\packages\EWSoftware.SHFB.2014.11.22.0\Tools\PresentationStyles\VS2013\icons\pubextension.gif -&gt; C:\projects\jeremyansel-media-an8\JeremyAnsel.Media.An8\Documentation\build\Working\Output\Website\icons\pubextension.gif
C:\projects\jeremyansel-media-an8\JeremyAnsel.Media.An8\packages\EWSoftware.SHFB.2014.11.22.0\Tools\PresentationStyles\VS2013\icons\pubfield.gif -&gt; C:\projects\jeremyansel-media-an8\JeremyAnsel.Media.An8\Documentation\build\Working\Output\Website\icons\pubfield.gif
C:\projects\jeremyansel-media-an8\JeremyAnsel.Media.An8\packages\EWSoftware.SHFB.2014.11.22.0\Tools\PresentationStyles\VS2013\icons\pubinterface.gif -&gt; C:\projects\jeremyansel-media-an8\JeremyAnsel.Media.An8\Documentation\build\Working\Output\Website\icons\pubinterface.gif
C:\projects\jeremyansel-media-an8\JeremyAnsel.Media.An8\packages\EWSoftware.SHFB.2014.11.22.0\Tools\PresentationStyles\VS2013\icons\pubmethod.gif -&gt; C:\projects\jeremyansel-media-an8\JeremyAnsel.Media.An8\Documentation\build\Working\Output\Website\icons\pubmethod.gif
C:\projects\jeremyansel-media-an8\JeremyAnsel.Media.An8\packages\EWSoftware.SHFB.2014.11.22.0\Tools\PresentationStyles\VS2013\icons\puboperator.gif -&gt; C:\projects\jeremyansel-media-an8\JeremyAnsel.Media.An8\Documentation\build\Working\Output\Website\icons\puboperator.gif
C:\projects\jeremyansel-media-an8\JeremyAnsel.Media.An8\packages\EWSoftware.SHFB.2014.11.22.0\Tools\PresentationStyles\VS2013\icons\pubproperty.gif -&gt; C:\projects\jeremyansel-media-an8\JeremyAnsel.Media.An8\Documentation\build\Working\Output\Website\icons\pubproperty.gif
C:\projects\jeremyansel-media-an8\JeremyAnsel.Media.An8\packages\EWSoftware.SHFB.2014.11.22.0\Tools\PresentationStyles\VS2013\icons\pubstructure.gif -&gt; C:\projects\jeremyansel-media-an8\JeremyAnsel.Media.An8\Documentation\build\Working\Output\Website\icons\pubstructure.gif
C:\projects\jeremyansel-media-an8\JeremyAnsel.Media.An8\packages\EWSoftware.SHFB.2014.11.22.0\Tools\PresentationStyles\VS2013\icons\SectionCollapsed.png -&gt; C:\projects\jeremyansel-media-an8\JeremyAnsel.Media.An8\Documentation\build\Working\Output\Website\icons\SectionCollapsed.png
C:\projects\jeremyansel-media-an8\JeremyAnsel.Media.An8\packages\EWSoftware.SHFB.2014.11.22.0\Tools\PresentationStyles\VS2013\icons\SectionExpanded.png -&gt; C:\projects\jeremyansel-media-an8\JeremyAnsel.Media.An8\Documentation\build\Working\Output\Website\icons\SectionExpanded.png
C:\projects\jeremyansel-media-an8\JeremyAnsel.Media.An8\packages\EWSoftware.SHFB.2014.11.22.0\Tools\PresentationStyles\VS2013\icons\slMobile.gif -&gt; C:\projects\jeremyansel-media-an8\JeremyAnsel.Media.An8\Documentation\build\Working\Output\Website\icons\slMobile.gif
C:\projects\jeremyansel-media-an8\JeremyAnsel.Media.An8\packages\EWSoftware.SHFB.2014.11.22.0\Tools\PresentationStyles\VS2013\icons\static.gif -&gt; C:\projects\jeremyansel-media-an8\JeremyAnsel.Media.An8\Documentation\build\Working\Output\Website\icons\static.gif
C:\projects\jeremyansel-media-an8\JeremyAnsel.Media.An8\packages\EWSoftware.SHFB.2014.11.22.0\Tools\PresentationStyles\VS2013\icons\xna.gif -&gt; C:\projects\jeremyansel-media-an8\JeremyAnsel.Media.An8\Documentation\build\Working\Output\Website\icons\xna.gif
C:\projects\jeremyansel-media-an8\JeremyAnsel.Media.An8\packages\EWSoftware.SHFB.2014.11.22.0\Tools\PresentationStyles\VS2013\scripts\branding.js -&gt; C:\projects\jeremyansel-media-an8\JeremyAnsel.Media.An8\Documentation\build\Working\Output\Website\scripts\branding.js
C:\projects\jeremyansel-media-an8\JeremyAnsel.Media.An8\packages\EWSoftware.SHFB.2014.11.22.0\Tools\PresentationStyles\VS2013\styles\branding-cs-CZ.css -&gt; C:\projects\jeremyansel-media-an8\JeremyAnsel.Media.An8\Documentation\build\Working\Output\Website\styles\branding-cs-CZ.css
C:\projects\jeremyansel-media-an8\JeremyAnsel.Media.An8\packages\EWSoftware.SHFB.2014.11.22.0\Tools\PresentationStyles\VS2013\styles\branding-de-DE.css -&gt; C:\projects\jeremyansel-media-an8\JeremyAnsel.Media.An8\Documentation\build\Working\Output\Website\styles\branding-de-DE.css
C:\projects\jeremyansel-media-an8\JeremyAnsel.Media.An8\packages\EWSoftware.SHFB.2014.11.22.0\Tools\PresentationStyles\VS2013\styles\branding-en-US.css -&gt; C:\projects\jeremyansel-media-an8\JeremyAnsel.Media.An8\Documentation\build\Working\Output\Website\styles\branding-en-US.css
C:\projects\jeremyansel-media-an8\JeremyAnsel.Media.An8\packages\EWSoftware.SHFB.2014.11.22.0\Tools\PresentationStyles\VS2013\styles\branding-es-ES.css -&gt; C:\projects\jeremyansel-media-an8\JeremyAnsel.Media.An8\Documentation\build\Working\Output\Website\styles\branding-es-ES.css
C:\projects\jeremyansel-media-an8\JeremyAnsel.Media.An8\packages\EWSoftware.SHFB.2014.11.22.0\Tools\PresentationStyles\VS2013\styles\branding-fr-FR.css -&gt; C:\projects\jeremyansel-media-an8\JeremyAnsel.Media.An8\Documentation\build\Working\Output\Website\styles\branding-fr-FR.css
C:\projects\jeremyansel-media-an8\JeremyAnsel.Media.An8\packages\EWSoftware.SHFB.2014.11.22.0\Tools\PresentationStyles\VS2013\styles\branding-Help1.css -&gt; C:\projects\jeremyansel-media-an8\JeremyAnsel.Media.An8\Documentation\build\Working\Output\Website\styles\branding-Help1.css
C:\projects\jeremyansel-media-an8\JeremyAnsel.Media.An8\packages\EWSoftware.SHFB.2014.11.22.0\Tools\PresentationStyles\VS2013\styles\branding-Help2.css -&gt; C:\projects\jeremyansel-media-an8\JeremyAnsel.Media.An8\Documentation\build\Working\Output\Website\styles\branding-Help2.css
C:\projects\jeremyansel-media-an8\JeremyAnsel.Media.An8\packages\EWSoftware.SHFB.2014.11.22.0\Tools\PresentationStyles\VS2013\styles\branding-HelpViewer.css -&gt; C:\projects\jeremyansel-media-an8\JeremyAnsel.Media.An8\Documentation\build\Working\Output\Website\styles\branding-HelpViewer.css
C:\projects\jeremyansel-media-an8\JeremyAnsel.Media.An8\packages\EWSoftware.SHFB.2014.11.22.0\Tools\PresentationStyles\VS2013\styles\branding-it-IT.css -&gt; C:\projects\jeremyansel-media-an8\JeremyAnsel.Media.An8\Documentation\build\Working\Output\Website\styles\branding-it-IT.css
C:\projects\jeremyansel-media-an8\JeremyAnsel.Media.An8\packages\EWSoftware.SHFB.2014.11.22.0\Tools\PresentationStyles\VS2013\styles\branding-ja-JP.css -&gt; C:\projects\jeremyansel-media-an8\JeremyAnsel.Media.An8\Documentation\build\Working\Output\Website\styles\branding-ja-JP.css
C:\projects\jeremyansel-media-an8\JeremyAnsel.Media.An8\packages\EWSoftware.SHFB.2014.11.22.0\Tools\PresentationStyles\VS2013\styles\branding-ko-KR.css -&gt; C:\projects\jeremyansel-media-an8\JeremyAnsel.Media.An8\Documentation\build\Working\Output\Website\styles\branding-ko-KR.css
C:\projects\jeremyansel-media-an8\JeremyAnsel.Media.An8\packages\EWSoftware.SHFB.2014.11.22.0\Tools\PresentationStyles\VS2013\styles\branding-pl-PL.css -&gt; C:\projects\jeremyansel-media-an8\JeremyAnsel.Media.An8\Documentation\build\Working\Output\Website\styles\branding-pl-PL.css
C:\projects\jeremyansel-media-an8\JeremyAnsel.Media.An8\packages\EWSoftware.SHFB.2014.11.22.0\Tools\PresentationStyles\VS2013\styles\branding-pt-BR.css -&gt; C:\projects\jeremyansel-media-an8\JeremyAnsel.Media.An8\Documentation\build\Working\Output\Website\styles\branding-pt-BR.css
C:\projects\jeremyansel-media-an8\JeremyAnsel.Media.An8\packages\EWSoftware.SHFB.2014.11.22.0\Tools\PresentationStyles\VS2013\styles\branding-ru-RU.css -&gt; C:\projects\jeremyansel-media-an8\JeremyAnsel.Media.An8\Documentation\build\Working\Output\Website\styles\branding-ru-RU.css
C:\projects\jeremyansel-media-an8\JeremyAnsel.Media.An8\packages\EWSoftware.SHFB.2014.11.22.0\Tools\PresentationStyles\VS2013\styles\branding-tr-TR.css -&gt; C:\projects\jeremyansel-media-an8\JeremyAnsel.Media.An8\Documentation\build\Working\Output\Website\styles\branding-tr-TR.css
C:\projects\jeremyansel-media-an8\JeremyAnsel.Media.An8\packages\EWSoftware.SHFB.2014.11.22.0\Tools\PresentationStyles\VS2013\styles\branding-Website.css -&gt; C:\projects\jeremyansel-media-an8\JeremyAnsel.Media.An8\Documentation\build\Working\Output\Website\styles\branding-Website.css
C:\projects\jeremyansel-media-an8\JeremyAnsel.Media.An8\packages\EWSoftware.SHFB.2014.11.22.0\Tools\PresentationStyles\VS2013\styles\branding-zh-CN.css -&gt; C:\projects\jeremyansel-media-an8\JeremyAnsel.Media.An8\Documentation\build\Working\Output\Website\styles\branding-zh-CN.css
C:\projects\jeremyansel-media-an8\JeremyAnsel.Media.An8\packages\EWSoftware.SHFB.2014.11.22.0\Tools\PresentationStyles\VS2013\styles\branding-zh-TW.css -&gt; C:\projects\jeremyansel-media-an8\JeremyAnsel.Media.An8\Documentation\build\Working\Output\Website\styles\branding-zh-TW.css
C:\projects\jeremyansel-media-an8\JeremyAnsel.Media.An8\packages\EWSoftware.SHFB.2014.11.22.0\Tools\PresentationStyles\VS2013\styles\branding.css -&gt; C:\projects\jeremyansel-media-an8\JeremyAnsel.Media.An8\Documentation\build\Working\Output\Website\styles\branding.css
C:\projects\jeremyansel-media-an8\JeremyAnsel.Media.An8\packages\EWSoftware.SHFB.2014.11.22.0\Tools\PresentationStyles\VS2013\Web\index.html -&gt; C:\projects\jeremyansel-media-an8\JeremyAnsel.Media.An8\Documentation\build\Working\Output\Website\index.html
C:\projects\jeremyansel-media-an8\JeremyAnsel.Media.An8\packages\EWSoftware.SHFB.2014.11.22.0\Tools\PresentationStyles\VS2013\Web\search.html -&gt; C:\projects\jeremyansel-media-an8\JeremyAnsel.Media.An8\Documentation\build\Working\Output\Website\search.html
C:\projects\jeremyansel-media-an8\JeremyAnsel.Media.An8\packages\EWSoftware.SHFB.2014.11.22.0\Tools\PresentationStyles\VS2013\Web\SearchHelp.aspx -&gt; C:\projects\jeremyansel-media-an8\JeremyAnsel.Media.An8\Documentation\build\Working\Output\Website\SearchHelp.aspx
C:\projects\jeremyansel-media-an8\JeremyAnsel.Media.An8\packages\EWSoftware.SHFB.2014.11.22.0\Tools\PresentationStyles\VS2013\Web\SearchHelp.inc.php -&gt; C:\projects\jeremyansel-media-an8\JeremyAnsel.Media.An8\Documentation\build\Working\Output\Website\SearchHelp.inc.php
C:\projects\jeremyansel-media-an8\JeremyAnsel.Media.An8\packages\EWSoftware.SHFB.2014.11.22.0\Tools\PresentationStyles\VS2013\Web\SearchHelp.php -&gt; C:\projects\jeremyansel-media-an8\JeremyAnsel.Media.An8\Documentation\build\Working\Output\Website\SearchHelp.php
C:\projects\jeremyansel-media-an8\JeremyAnsel.Media.An8\packages\EWSoftware.SHFB.2014.11.22.0\Tools\PresentationStyles\VS2013\Web\Web.Config -&gt; C:\projects\jeremyansel-media-an8\JeremyAnsel.Media.An8\Documentation\build\Working\Output\Website\Web.Config
C:\projects\jeremyansel-media-an8\JeremyAnsel.Media.An8\packages\EWSoftware.SHFB.2014.11.22.0\Tools\PresentationStyles\VS2013\Web\icons\Search.png -&gt; C:\projects\jeremyansel-media-an8\JeremyAnsel.Media.An8\Documentation\build\Working\Output\Website\icons\Search.png
C:\projects\jeremyansel-media-an8\JeremyAnsel.Media.An8\packages\EWSoftware.SHFB.2014.11.22.0\Tools\PresentationStyles\VS2013\Web\icons\TocClose.gif -&gt; C:\projects\jeremyansel-media-an8\JeremyAnsel.Media.An8\Documentation\build\Working\Output\Website\icons\TocClose.gif
C:\projects\jeremyansel-media-an8\JeremyAnsel.Media.An8\packages\EWSoftware.SHFB.2014.11.22.0\Tools\PresentationStyles\VS2013\Web\icons\TocCollapsed.gif -&gt; C:\projects\jeremyansel-media-an8\JeremyAnsel.Media.An8\Documentation\build\Working\Output\Website\icons\TocCollapsed.gif
C:\projects\jeremyansel-media-an8\JeremyAnsel.Media.An8\packages\EWSoftware.SHFB.2014.11.22.0\Tools\PresentationStyles\VS2013\Web\icons\TocExpanded.gif -&gt; C:\projects\jeremyansel-media-an8\JeremyAnsel.Media.An8\Documentation\build\Working\Output\Website\icons\TocExpanded.gif
C:\projects\jeremyansel-media-an8\JeremyAnsel.Media.An8\packages\EWSoftware.SHFB.2014.11.22.0\Tools\PresentationStyles\VS2013\Web\icons\TocOpen.gif -&gt; C:\projects\jeremyansel-media-an8\JeremyAnsel.Media.An8\Documentation\build\Working\Output\Website\icons\TocOpen.gif
C:\projects\jeremyansel-media-an8\JeremyAnsel.Media.An8\packages\EWSoftware.SHFB.2014.11.22.0\Tools\PresentationStyles\VS2013\Web\scripts\branding-Website.js -&gt; C:\projects\jeremyansel-media-an8\JeremyAnsel.Media.An8\Documentation\build\Working\Output\Website\scripts\branding-Website.js
C:\projects\jeremyansel-media-an8\JeremyAnsel.Media.An8\packages\EWSoftware.SHFB.2014.11.22.0\Tools\PresentationStyles\VS2013\Web\scripts\jquery-1.11.0.min.js -&gt; C:\projects\jeremyansel-media-an8\JeremyAnsel.Media.An8\Documentation\build\Working\Output\Website\scripts\jquery-1.11.0.min.js
    Last step completed in 00:00:02.5576
</buildStep>
<buildStep step="GenerateHelpFormatTableOfContents">
Generating website table of contents file...
    Last step completed in 00:00:00.0000
</buildStep>
<buildStep step="GenerateFullTextIndex">
Generating full-text index for the website...

<plugIn name="Lightweight Website Style" behavior="After" priority="1000">
Adding lightweight search and TOC elements to each topic...
</plugIn>    Last step completed in 00:00:03.9283
</buildStep>
<buildStep step="CopyingWebsiteFiles">
Copying website files to output folder...

Copied 100 files
Copied 200 files
Copied 300 files
Copied 400 files
Copied 493 files for the website content
    Last step completed in 00:00:03.5604
</buildStep>
<buildStep step="CleanIntermediates">
Removing intermediate files...
    Last step completed in 00:00:00.6335
</buildStep>
<buildStep step="Completed">

Build completed successfully at 5/6/2015 1:05:18 AM.  Total time: 00:02:01.3655

</buildStep>
</shfbBuild>
